A D/af////
A D/be////
A D/bg////
A D/br////
A D/ca////
A D/cs////
A D/cy////
A D/cz////
A D/da////
A D/de////
A D/el////
A D/es////
A D/eu////
A D/fi////
A D/fr////
A D/gl////
A D/he////
A D/hi////
A D/hr////
A D/html////
A D/hu////
A D/id////
A D/is////
A D/it////
A D/ja////
A D/ko////
A D/lt////
A D/ms////
A D/nb////
A D/nl////
A D/nn////
A D/pl////
A D/pt////
A D/pt_br////
A D/ro////
A D/ru////
A D/sk////
A D/sr////
A D/sv////
A D/ta////
A D/tr////
A D/uk////
A D/vi////
A D/wa////
A D/zh////
A D/zh_cn////
A D/zh_tw////
R D/zh////
R D/vi////
R D/cz////
